# JRE version: OpenJDK Runtime Environment (7.0_75-b13) (build 1.7.0_75-b13)
# Java VM: OpenJDK 64-Bit Server VM (24.75-b04 mixed mode linux-amd64 compressed oops)
Heap
 PSYoungGen      total 1113600K, used 168325K [0x00000007ac880000, 0x0000000800000000, 0x0000000800000000)
  eden space 867840K, 1% used [0x00000007ac880000,0x00000007ad96fcf8,0x00000007e1800000)
  from space 245760K, 61% used [0x00000007f1000000,0x00000007fa371a90,0x0000000800000000)
  to   space 249856K, 0% used [0x00000007e1800000,0x00000007e1800000,0x00000007f0c00000)
 ParOldGen       total 170496K, used 131031K [0x0000000705a00000, 0x0000000710080000, 0x00000007ac880000)
  object space 170496K, 76% used [0x0000000705a00000,0x000000070d9f5ea0,0x0000000710080000)
 PSPermGen       total 25600K, used 25089K [0x00000006fb400000, 0x00000006fcd00000, 0x0000000705a00000)
  object space 25600K, 98% used [0x00000006fb400000,0x00000006fcc805c0,0x00000006fcd00000)
GC Heap History (10 events):
Event: 24,626 GC heap before
{Heap before GC invocations=28 (full 0):
 PSYoungGen      total 1136640K, used 1136610K [0x00000007ac880000, 0x0000000800000000, 0x0000000800000000)
  eden space 976384K, 100% used [0x00000007ac880000,0x00000007e8200000,0x00000007e8200000)
  from space 160256K, 99% used [0x00000007e8200000,0x00000007f1e78888,0x00000007f1e80000)
  to   space 188928K, 0% used [0x00000007f4780000,0x00000007f4780000,0x0000000800000000)
 ParOldGen       total 170496K, used 120782K [0x0000000705a00000, 0x0000000710080000, 0x00000007ac880000)
  object space 170496K, 70% used [0x0000000705a00000,0x000000070cff3b00,0x0000000710080000)
 PSPermGen       total 25088K, used 25046K [0x00000006fb400000, 0x00000006fcc80000, 0x0000000705a00000)
  object space 25088K, 99% used [0x00000006fb400000,0x00000006fcc758f0,0x00000006fcc80000)
Event: 24,863 GC heap after
Heap after GC invocations=28 (full 0):
 PSYoungGen      total 1133568K, used 165001K [0x00000007ac880000, 0x0000000800000000, 0x0000000800000000)
  eden space 944640K, 0% used [0x00000007ac880000,0x00000007ac880000,0x00000007e6300000)
  from space 188928K, 87% used [0x00000007f4780000,0x00000007fe8a2590,0x0000000800000000)
  to   space 211456K, 0% used [0x00000007e6300000,0x00000007e6300000,0x00000007f3180000)
 ParOldGen       total 170496K, used 124966K [0x0000000705a00000, 0x0000000710080000, 0x00000007ac880000)
  object space 170496K, 73% used [0x0000000705a00000,0x000000070d409ae0,0x0000000710080000)
 PSPermGen       total 25088K, used 25046K [0x00000006fb400000, 0x00000006fcc80000, 0x0000000705a00000)
  object space 25088K, 99% used [0x00000006fb400000,0x00000006fcc758f0,0x00000006fcc80000)
}
Event: 25,868 GC heap before
{Heap before GC invocations=29 (full 0):
 PSYoungGen      total 1133568K, used 1109641K [0x00000007ac880000, 0x0000000800000000, 0x0000000800000000)
  eden space 944640K, 100% used [0x00000007ac880000,0x00000007e6300000,0x00000007e6300000)
  from space 188928K, 87% used [0x00000007f4780000,0x00000007fe8a2590,0x0000000800000000)
  to   space 211456K, 0% used [0x00000007e6300000,0x00000007e6300000,0x00000007f3180000)
 ParOldGen       total 170496K, used 124966K [0x0000000705a00000, 0x0000000710080000, 0x00000007ac880000)
  object space 170496K, 73% used [0x0000000705a00000,0x000000070d409ae0,0x0000000710080000)
 PSPermGen       total 25088K, used 25047K [0x00000006fb400000, 0x00000006fcc80000, 0x0000000705a00000)
  object space 25088K, 99% used [0x00000006fb400000,0x00000006fcc75f30,0x00000006fcc80000)
Event: 26,073 GC heap after
Heap after GC invocations=29 (full 0):
 PSYoungGen      total 1106432K, used 161305K [0x00000007ac880000, 0x0000000800000000, 0x0000000800000000)
  eden space 944640K, 0% used [0x00000007ac880000,0x00000007ac880000,0x00000007e6300000)
  from space 161792K, 99% used [0x00000007e6300000,0x00000007f00864f8,0x00000007f0100000)
  to   space 227840K, 0% used [0x00000007f2180000,0x00000007f2180000,0x0000000800000000)
 ParOldGen       total 170496K, used 125564K [0x0000000705a00000, 0x0000000710080000, 0x00000007ac880000)
  object space 170496K, 73% used [0x0000000705a00000,0x000000070d49f108,0x0000000710080000)
 PSPermGen       total 25088K, used 25047K [0x00000006fb400000, 0x00000006fcc80000, 0x0000000705a00000)
  object space 25088K, 99% used [0x00000006fb400000,0x00000006fcc75f30,0x00000006fcc80000)
}
Event: 27,081 GC heap before
{Heap before GC invocations=30 (full 0):
 PSYoungGen      total 1106432K, used 1105945K [0x00000007ac880000, 0x0000000800000000, 0x0000000800000000)
  eden space 944640K, 100% used [0x00000007ac880000,0x00000007e6300000,0x00000007e6300000)
  from space 161792K, 99% used [0x00000007e6300000,0x00000007f00864f8,0x00000007f0100000)
  to   space 227840K, 0% used [0x00000007f2180000,0x00000007f2180000,0x0000000800000000)
 ParOldGen       total 170496K, used 125564K [0x0000000705a00000, 0x0000000710080000, 0x00000007ac880000)
  object space 170496K, 73% used [0x0000000705a00000,0x000000070d49f108,0x0000000710080000)
 PSPermGen       total 25088K, used 25056K [0x00000006fb400000, 0x00000006fcc80000, 0x0000000705a00000)
  object space 25088K, 99% used [0x00000006fb400000,0x00000006fcc78318,0x00000006fcc80000)
Event: 27,289 GC heap after
Heap after GC invocations=30 (full 0):
 PSYoungGen      total 1114112K, used 161191K [0x00000007ac880000, 0x0000000800000000, 0x0000000800000000)
  eden space 886272K, 0% used [0x00000007ac880000,0x00000007ac880000,0x00000007e2a00000)
  from space 227840K, 70% used [0x00000007f2180000,0x00000007fbee9df0,0x0000000800000000)
  to   space 240640K, 0% used [0x00000007e2a00000,0x00000007e2a00000,0x00000007f1500000)
 ParOldGen       total 170496K, used 128378K [0x0000000705a00000, 0x0000000710080000, 0x00000007ac880000)
  object space 170496K, 75% used [0x0000000705a00000,0x000000070d75e958,0x0000000710080000)
 PSPermGen       total 25088K, used 25056K [0x00000006fb400000, 0x00000006fcc80000, 0x0000000705a00000)
  object space 25088K, 99% used [0x00000006fb400000,0x00000006fcc78318,0x00000006fcc80000)
}
Event: 28,233 GC heap before
{Heap before GC invocations=31 (full 0):
 PSYoungGen      total 1114112K, used 1047463K [0x00000007ac880000, 0x0000000800000000, 0x0000000800000000)
  eden space 886272K, 100% used [0x00000007ac880000,0x00000007e2a00000,0x00000007e2a00000)
  from space 227840K, 70% used [0x00000007f2180000,0x00000007fbee9df0,0x0000000800000000)
  to   space 240640K, 0% used [0x00000007e2a00000,0x00000007e2a00000,0x00000007f1500000)
 ParOldGen       total 170496K, used 128378K [0x0000000705a00000, 0x0000000710080000, 0x00000007ac880000)
  object space 170496K, 75% used [0x0000000705a00000,0x000000070d75e958,0x0000000710080000)
 PSPermGen       total 25088K, used 25057K [0x00000006fb400000, 0x00000006fcc80000, 0x0000000705a00000)
  object space 25088K, 99% used [0x00000006fb400000,0x00000006fcc786a8,0x00000006fcc80000)
Event: 28,429 GC heap after
Heap after GC invocations=31 (full 0):
 PSYoungGen      total 1037312K, used 150836K [0x00000007ac880000, 0x0000000800000000, 0x0000000800000000)
  eden space 886272K, 0% used [0x00000007ac880000,0x00000007ac880000,0x00000007e2a00000)
  from space 151040K, 99% used [0x00000007e2a00000,0x00000007ebd4d3c8,0x00000007ebd80000)
  to   space 245760K, 0% used [0x00000007f1000000,0x00000007f1000000,0x0000000800000000)
 ParOldGen       total 170496K, used 129698K [0x0000000705a00000, 0x0000000710080000, 0x00000007ac880000)
  object space 170496K, 76% used [0x0000000705a00000,0x000000070d8a8a60,0x0000000710080000)
 PSPermGen       total 25088K, used 25057K [0x00000006fb400000, 0x00000006fcc80000, 0x0000000705a00000)
  object space 25088K, 99% used [0x00000006fb400000,0x00000006fcc786a8,0x00000006fcc80000)
}
Event: 29,374 GC heap before
{Heap before GC invocations=32 (full 0):
 PSYoungGen      total 1037312K, used 1037108K [0x00000007ac880000, 0x0000000800000000, 0x0000000800000000)
  eden space 886272K, 100% used [0x00000007ac880000,0x00000007e2a00000,0x00000007e2a00000)
  from space 151040K, 99% used [0x00000007e2a00000,0x00000007ebd4d3c8,0x00000007ebd80000)
  to   space 245760K, 0% used [0x00000007f1000000,0x00000007f1000000,0x0000000800000000)
 ParOldGen       total 170496K, used 129698K [0x0000000705a00000, 0x0000000710080000, 0x00000007ac880000)
  object space 170496K, 76% used [0x0000000705a00000,0x000000070d8a8a60,0x0000000710080000)
 PSPermGen       total 25600K, used 25089K [0x00000006fb400000, 0x00000006fcd00000, 0x0000000705a00000)
  object space 25600K, 98% used [0x00000006fb400000,0x00000006fcc805c0,0x00000006fcd00000)
Event: 29,569 GC heap after
Heap after GC invocations=32 (full 0):
 PSYoungGen      total 1113600K, used 150982K [0x00000007ac880000, 0x0000000800000000, 0x0000000800000000)
  eden space 867840K, 0% used [0x00000007ac880000,0x00000007ac880000,0x00000007e1800000)
  from space 245760K, 61% used [0x00000007f1000000,0x00000007fa371a90,0x0000000800000000)
  to   space 249856K, 0% used [0x00000007e1800000,0x00000007e1800000,0x00000007f0c00000)
 ParOldGen       total 170496K, used 131031K [0x0000000705a00000, 0x0000000710080000, 0x00000007ac880000)
  object space 170496K, 76% used [0x0000000705a00000,0x000000070d9f5ea0,0x0000000710080000)
 PSPermGen       total 25600K, used 25089K [0x00000006fb400000, 0x00000006fcd00000, 0x0000000705a00000)
  object space 25600K, 98% used [0x00000006fb400000,0x00000006fcc805c0,0x00000006fcd00000)
}

