# JRE version: OpenJDK Runtime Environment (7.0_75-b13) (build 1.7.0_75-b13)
# Java VM: OpenJDK 64-Bit Server VM (24.75-b04 mixed mode linux-amd64 compressed oops)
Heap
 PSYoungGen      total 1095680K, used 171920K [0x00000007ac880000, 0x0000000800000000, 0x0000000800000000)
  eden space 912896K, 0% used [0x00000007ac880000,0x00000007ac880000,0x00000007e4400000)
  from space 182784K, 94% used [0x00000007f4d80000,0x00000007ff5642a0,0x0000000800000000)
  to   space 227328K, 0% used [0x00000007e4400000,0x00000007e4400000,0x00000007f2200000)
 ParOldGen       total 170496K, used 144684K [0x0000000705a00000, 0x0000000710080000, 0x00000007ac880000)
  object space 170496K, 84% used [0x0000000705a00000,0x000000070e74b300,0x0000000710080000)
 PSPermGen       total 25088K, used 24605K [0x00000006fb400000, 0x00000006fcc80000, 0x0000000705a00000)
  object space 25088K, 98% used [0x00000006fb400000,0x00000006fcc076e8,0x00000006fcc80000)
GC Heap History (10 events):
Event: 7,495 GC heap after
Heap after GC invocations=14 (full 0):
 PSYoungGen      total 1005056K, used 96180K [0x00000007ac880000, 0x00000007f2d80000, 0x0000000800000000)
  eden space 896512K, 0% used [0x00000007ac880000,0x00000007ac880000,0x00000007e3400000)
  from space 108544K, 88% used [0x00000007eaa80000,0x00000007f086d260,0x00000007f1480000)
  to   space 121344K, 0% used [0x00000007e3400000,0x00000007e3400000,0x00000007eaa80000)
 ParOldGen       total 170496K, used 106504K [0x0000000705a00000, 0x0000000710080000, 0x00000007ac880000)
  object space 170496K, 62% used [0x0000000705a00000,0x000000070c2020a0,0x0000000710080000)
 PSPermGen       total 25088K, used 24589K [0x00000006fb400000, 0x00000006fcc80000, 0x0000000705a00000)
  object space 25088K, 98% used [0x00000006fb400000,0x00000006fcc03548,0x00000006fcc80000)
}
Event: 8,509 GC heap before
{Heap before GC invocations=15 (full 0):
 PSYoungGen      total 1005056K, used 992692K [0x00000007ac880000, 0x00000007f2d80000, 0x0000000800000000)
  eden space 896512K, 100% used [0x00000007ac880000,0x00000007e3400000,0x00000007e3400000)
  from space 108544K, 88% used [0x00000007eaa80000,0x00000007f086d260,0x00000007f1480000)
  to   space 121344K, 0% used [0x00000007e3400000,0x00000007e3400000,0x00000007eaa80000)
 ParOldGen       total 170496K, used 106504K [0x0000000705a00000, 0x0000000710080000, 0x00000007ac880000)
  object space 170496K, 62% used [0x0000000705a00000,0x000000070c2020a0,0x0000000710080000)
 PSPermGen       total 25088K, used 24594K [0x00000006fb400000, 0x00000006fcc80000, 0x0000000705a00000)
  object space 25088K, 98% used [0x00000006fb400000,0x00000006fcc04828,0x00000006fcc80000)
Event: 8,742 GC heap after
Heap after GC invocations=15 (full 0):
 PSYoungGen      total 1017856K, used 121338K [0x00000007ac880000, 0x0000000800000000, 0x0000000800000000)
  eden space 896512K, 0% used [0x00000007ac880000,0x00000007ac880000,0x00000007e3400000)
  from space 121344K, 99% used [0x00000007e3400000,0x00000007eaa7e890,0x00000007eaa80000)
  to   space 153088K, 0% used [0x00000007f6a80000,0x00000007f6a80000,0x0000000800000000)
 ParOldGen       total 170496K, used 137889K [0x0000000705a00000, 0x0000000710080000, 0x00000007ac880000)
  object space 170496K, 80% used [0x0000000705a00000,0x000000070e0a8538,0x0000000710080000)
 PSPermGen       total 25088K, used 24594K [0x00000006fb400000, 0x00000006fcc80000, 0x0000000705a00000)
  object space 25088K, 98% used [0x00000006fb400000,0x00000006fcc04828,0x00000006fcc80000)
}
Event: 9,738 GC heap before
{Heap before GC invocations=16 (full 0):
 PSYoungGen      total 1017856K, used 1017850K [0x00000007ac880000, 0x0000000800000000, 0x0000000800000000)
  eden space 896512K, 100% used [0x00000007ac880000,0x00000007e3400000,0x00000007e3400000)
  from space 121344K, 99% used [0x00000007e3400000,0x00000007eaa7e890,0x00000007eaa80000)
  to   space 153088K, 0% used [0x00000007f6a80000,0x00000007f6a80000,0x0000000800000000)
 ParOldGen       total 170496K, used 137889K [0x0000000705a00000, 0x0000000710080000, 0x00000007ac880000)
  object space 170496K, 80% used [0x0000000705a00000,0x000000070e0a8538,0x0000000710080000)
 PSPermGen       total 25088K, used 24600K [0x00000006fb400000, 0x00000006fcc80000, 0x0000000705a00000)
  object space 25088K, 98% used [0x00000006fb400000,0x00000006fcc06038,0x00000006fcc80000)
Event: 9,971 GC heap after
Heap after GC invocations=16 (full 0):
 PSYoungGen      total 1165312K, used 151790K [0x00000007ac880000, 0x0000000800000000, 0x0000000800000000)
  eden space 1012224K, 0% used [0x00000007ac880000,0x00000007ac880000,0x00000007ea500000)
  from space 153088K, 99% used [0x00000007f6a80000,0x00000007ffebb888,0x0000000800000000)
  to   space 177664K, 0% used [0x00000007ea500000,0x00000007ea500000,0x00000007f5280000)
 ParOldGen       total 170496K, used 141106K [0x0000000705a00000, 0x0000000710080000, 0x00000007ac880000)
  object space 170496K, 82% used [0x0000000705a00000,0x000000070e3cca90,0x0000000710080000)
 PSPermGen       total 25088K, used 24600K [0x00000006fb400000, 0x00000006fcc80000, 0x0000000705a00000)
  object space 25088K, 98% used [0x00000006fb400000,0x00000006fcc06038,0x00000006fcc80000)
}
Event: 11,081 GC heap before
{Heap before GC invocations=17 (full 0):
 PSYoungGen      total 1165312K, used 1164014K [0x00000007ac880000, 0x0000000800000000, 0x0000000800000000)
  eden space 1012224K, 100% used [0x00000007ac880000,0x00000007ea500000,0x00000007ea500000)
  from space 153088K, 99% used [0x00000007f6a80000,0x00000007ffebb888,0x0000000800000000)
  to   space 177664K, 0% used [0x00000007ea500000,0x00000007ea500000,0x00000007f5280000)
 ParOldGen       total 170496K, used 141106K [0x0000000705a00000, 0x0000000710080000, 0x00000007ac880000)
  object space 170496K, 82% used [0x0000000705a00000,0x000000070e3cca90,0x0000000710080000)
 PSPermGen       total 25088K, used 24601K [0x00000006fb400000, 0x00000006fcc80000, 0x0000000705a00000)
  object space 25088K, 98% used [0x00000006fb400000,0x00000006fcc06550,0x00000006fcc80000)
Event: 11,319 GC heap after
Heap after GC invocations=17 (full 0):
 PSYoungGen      total 1184768K, used 172131K [0x00000007ac880000, 0x0000000800000000, 0x0000000800000000)
  eden space 1012224K, 0% used [0x00000007ac880000,0x00000007ac880000,0x00000007ea500000)
  from space 172544K, 99% used [0x00000007ea500000,0x00000007f4d18c78,0x00000007f4d80000)
  to   space 182784K, 0% used [0x00000007f4d80000,0x00000007f4d80000,0x0000000800000000)
 ParOldGen       total 170496K, used 142234K [0x0000000705a00000, 0x0000000710080000, 0x00000007ac880000)
  object space 170496K, 83% used [0x0000000705a00000,0x000000070e4e6ac0,0x0000000710080000)
 PSPermGen       total 25088K, used 24601K [0x00000006fb400000, 0x00000006fcc80000, 0x0000000705a00000)
  object space 25088K, 98% used [0x00000006fb400000,0x00000006fcc06550,0x00000006fcc80000)
}
Event: 12,417 GC heap before
{Heap before GC invocations=18 (full 0):
 PSYoungGen      total 1184768K, used 1184355K [0x00000007ac880000, 0x0000000800000000, 0x0000000800000000)
  eden space 1012224K, 100% used [0x00000007ac880000,0x00000007ea500000,0x00000007ea500000)
  from space 172544K, 99% used [0x00000007ea500000,0x00000007f4d18c78,0x00000007f4d80000)
  to   space 182784K, 0% used [0x00000007f4d80000,0x00000007f4d80000,0x0000000800000000)
 ParOldGen       total 170496K, used 142234K [0x0000000705a00000, 0x0000000710080000, 0x00000007ac880000)
  object space 170496K, 83% used [0x0000000705a00000,0x000000070e4e6ac0,0x0000000710080000)
 PSPermGen       total 25088K, used 24605K [0x00000006fb400000, 0x00000006fcc80000, 0x0000000705a00000)
  object space 25088K, 98% used [0x00000006fb400000,0x00000006fcc076e8,0x00000006fcc80000)
Event: 12,647 GC heap after
Heap after GC invocations=18 (full 0):
 PSYoungGen      total 1095680K, used 171920K [0x00000007ac880000, 0x0000000800000000, 0x0000000800000000)
  eden space 912896K, 0% used [0x00000007ac880000,0x00000007ac880000,0x00000007e4400000)
  from space 182784K, 94% used [0x00000007f4d80000,0x00000007ff5642a0,0x0000000800000000)
  to   space 227328K, 0% used [0x00000007e4400000,0x00000007e4400000,0x00000007f2200000)
 ParOldGen       total 170496K, used 144684K [0x0000000705a00000, 0x0000000710080000, 0x00000007ac880000)
  object space 170496K, 84% used [0x0000000705a00000,0x000000070e74b300,0x0000000710080000)
 PSPermGen       total 25088K, used 24605K [0x00000006fb400000, 0x00000006fcc80000, 0x0000000705a00000)
  object space 25088K, 98% used [0x00000006fb400000,0x00000006fcc076e8,0x00000006fcc80000)
}
Event: 12,647 GC heap before
{Heap before GC invocations=19 (full 1):
 PSYoungGen      total 1095680K, used 171920K [0x00000007ac880000, 0x0000000800000000, 0x0000000800000000)
  eden space 912896K, 0% used [0x00000007ac880000,0x00000007ac880000,0x00000007e4400000)
  from space 182784K, 94% used [0x00000007f4d80000,0x00000007ff5642a0,0x0000000800000000)
  to   space 227328K, 0% used [0x00000007e4400000,0x00000007e4400000,0x00000007f2200000)
 ParOldGen       total 170496K, used 144684K [0x0000000705a00000, 0x0000000710080000, 0x00000007ac880000)
  object space 170496K, 84% used [0x0000000705a00000,0x000000070e74b300,0x0000000710080000)
 PSPermGen       total 25088K, used 24605K [0x00000006fb400000, 0x00000006fcc80000, 0x0000000705a00000)
  object space 25088K, 98% used [0x00000006fb400000,0x00000006fcc076e8,0x00000006fcc80000)

